<?xml version="1.0" encoding="UTF-8"?>
<testsuite name="com.book.springboot.web.dto.HelloResponseDtoTest" tests="1" skipped="0" failures="0" errors="0" timestamp="2022-03-26T13:54:36" hostname="DAHEE-PC" time="0.024">
  <properties/>
  <testcase name="롬복_기능_테스트()" classname="com.book.springboot.web.dto.HelloResponseDtoTest" time="0.024"/>
  <system-out><![CDATA[]]></system-out>
  <system-err><![CDATA[]]></system-err>
</testsuite>
