<?xml version="1.0" encoding="UTF-8"?>
<testsuite name="com.book.springboot.web.HelloControllerTest" tests="2" skipped="0" failures="0" errors="0" timestamp="2022-03-26T13:54:42" hostname="DAHEE-PC" time="0.701">
  <properties/>
  <testcase name="hello가_리턴된다()" classname="com.book.springboot.web.HelloControllerTest" time="0.354"/>
  <testcase name="helloDto가_리턴된다()" classname="com.book.springboot.web.HelloControllerTest" time="0.343"/>
  <system-out><![CDATA[2022-03-26 22:54:36.615  INFO 44784 --- [    Test worker] .b.t.a.w.s.WebMvcTestContextBootstrapper : Neither @ContextConfiguration nor @ContextHierarchy found for test class [com.book.springboot.web.HelloControllerTest], using SpringBootContextLoader
2022-03-26 22:54:36.642  INFO 44784 --- [    Test worker] o.s.t.c.support.AbstractContextLoader    : Could not detect default resource locations for test class [com.book.springboot.web.HelloControllerTest]: no resource found for suffixes {-context.xml, Context.groovy}.
2022-03-26 22:54:36.645  INFO 44784 --- [    Test worker] t.c.s.AnnotationConfigContextLoaderUtils : Could not detect default configuration classes for test class [com.book.springboot.web.HelloControllerTest]: HelloControllerTest does not declare any static, non-private, non-final, nested classes annotated with @Configuration.
2022-03-26 22:54:37.175  INFO 44784 --- [    Test worker] .b.t.c.SpringBootTestContextBootstrapper : Found @SpringBootConfiguration com.book.springboot.Application for test class com.book.springboot.web.HelloControllerTest
2022-03-26 22:54:37.185  INFO 44784 --- [    Test worker] .b.t.a.w.s.WebMvcTestContextBootstrapper : Loaded default TestExecutionListener class names from location [META-INF/spring.factories]: [org.springframework.security.test.context.support.WithSecurityContextTestExecutionListener, org.springframework.security.test.context.support.ReactorContextTestExecutionListener, org.springframework.boot.test.autoconfigure.restdocs.RestDocsTestExecutionListener, org.springframework.boot.test.autoconfigure.web.client.MockRestServiceServerResetTestExecutionListener, org.springframework.boot.test.autoconfigure.web.servlet.MockMvcPrintOnlyOnFailureTestExecutionListener, org.springframework.boot.test.autoconfigure.web.servlet.WebDriverTestExecutionListener, org.springframework.boot.test.autoconfigure.webservices.client.MockWebServiceServerTestExecutionListener, org.springframework.boot.test.mock.mockito.MockitoTestExecutionListener, org.springframework.boot.test.mock.mockito.ResetMocksTestExecutionListener, org.springframework.test.context.web.ServletTestExecutionListener, org.springframework.test.context.support.DirtiesContextBeforeModesTestExecutionListener, org.springframework.test.context.support.DependencyInjectionTestExecutionListener, org.springframework.test.context.support.DirtiesContextTestExecutionListener, org.springframework.test.context.transaction.TransactionalTestExecutionListener, org.springframework.test.context.jdbc.SqlScriptsTestExecutionListener, org.springframework.test.context.event.EventPublishingTestExecutionListener]
2022-03-26 22:54:37.291  INFO 44784 --- [    Test worker] .b.t.a.w.s.WebMvcTestContextBootstrapper : Using TestExecutionListeners: [org.springframework.test.context.web.ServletTestExecutionListener@4fccf782, org.springframework.test.context.support.DirtiesContextBeforeModesTestExecutionListener@3638bb07, org.springframework.boot.test.mock.mockito.MockitoTestExecutionListener@741cd2a4, org.springframework.boot.test.autoconfigure.SpringBootDependencyInjectionTestExecutionListener@390687c2, org.springframework.test.context.support.DirtiesContextTestExecutionListener@115e1787, org.springframework.test.context.transaction.TransactionalTestExecutionListener@62cd7628, org.springframework.test.context.jdbc.SqlScriptsTestExecutionListener@70560127, org.springframework.security.test.context.support.WithSecurityContextTestExecutionListener@7d63a078, org.springframework.test.context.event.EventPublishingTestExecutionListener@1c60627c, org.springframework.security.test.context.support.ReactorContextTestExecutionListener@15153bee, org.springframework.boot.test.autoconfigure.restdocs.RestDocsTestExecutionListener@558a4f52, org.springframework.boot.test.autoconfigure.web.client.MockRestServiceServerResetTestExecutionListener@358a45fb, org.springframework.boot.test.autoconfigure.web.servlet.MockMvcPrintOnlyOnFailureTestExecutionListener@2a66b2b4, org.springframework.boot.test.autoconfigure.web.servlet.WebDriverTestExecutionListener@1690265d, org.springframework.boot.test.autoconfigure.webservices.client.MockWebServiceServerTestExecutionListener@11671b02, org.springframework.boot.test.mock.mockito.ResetMocksTestExecutionListener@76a53148]

  .   ____          _            __ _ _
 /\\ / ___'_ __ _ _(_)_ __  __ _ \ \ \ \
( ( )\___ | '_ | '_| | '_ \/ _` | \ \ \ \
 \\/  ___)| |_)| | | | | || (_| |  ) ) ) )
  '  |____| .__|_| |_|_| |_\__, | / / / /
 =========|_|==============|___/=/_/_/_/
 :: Spring Boot ::                (v2.4.1)

2022-03-26 22:54:37.562  INFO 44784 --- [    Test worker] c.b.springboot.web.HelloControllerTest   : Starting HelloControllerTest using Java 1.8.0_321 on Dahee-PC with PID 44784 (started by Dahee in C:\Users\Dahee\IdeaProjects\springboot2-webservice)
2022-03-26 22:54:37.564  INFO 44784 --- [    Test worker] c.b.springboot.web.HelloControllerTest   : The following profiles are active: oauth
2022-03-26 22:54:39.422  INFO 44784 --- [    Test worker] o.s.s.concurrent.ThreadPoolTaskExecutor  : Initializing ExecutorService 'applicationTaskExecutor'
2022-03-26 22:54:39.592  INFO 44784 --- [    Test worker] o.s.b.a.w.s.WelcomePageHandlerMapping    : Adding welcome page template: index
2022-03-26 22:54:41.798  INFO 44784 --- [    Test worker] o.s.s.web.DefaultSecurityFilterChain     : Will secure any request with [org.springframework.security.web.context.request.async.WebAsyncManagerIntegrationFilter@6df889c7, org.springframework.security.web.context.SecurityContextPersistenceFilter@445d8af0, org.springframework.security.web.header.HeaderWriterFilter@f486c39, org.springframework.security.web.csrf.CsrfFilter@1c6db345, org.springframework.security.web.authentication.logout.LogoutFilter@3dca626c, org.springframework.security.oauth2.client.web.OAuth2AuthorizationRequestRedirectFilter@1a70ea18, org.springframework.security.oauth2.client.web.OAuth2AuthorizationRequestRedirectFilter@66a5e0b7, org.springframework.security.oauth2.client.web.OAuth2LoginAuthenticationFilter@4fdb29d7, org.springframework.security.web.authentication.ui.DefaultLoginPageGeneratingFilter@40e8d16b, org.springframework.security.web.authentication.ui.DefaultLogoutPageGeneratingFilter@5fba3951, org.springframework.security.web.savedrequest.RequestCacheAwareFilter@57454355, org.springframework.security.web.servletapi.SecurityContextHolderAwareRequestFilter@1ba0c420, org.springframework.security.web.authentication.AnonymousAuthenticationFilter@7efdb8e0, org.springframework.security.oauth2.client.web.OAuth2AuthorizationCodeGrantFilter@18073c2a, org.springframework.security.web.session.SessionManagementFilter@7e4e110e, org.springframework.security.web.access.ExceptionTranslationFilter@745ceae4, org.springframework.security.web.access.intercept.FilterSecurityInterceptor@6319fae5]
2022-03-26 22:54:42.293  INFO 44784 --- [    Test worker] o.s.b.t.m.w.SpringBootMockServletContext : Initializing Spring TestDispatcherServlet ''
2022-03-26 22:54:42.293  INFO 44784 --- [    Test worker] o.s.t.web.servlet.TestDispatcherServlet  : Initializing Servlet ''
2022-03-26 22:54:42.295  INFO 44784 --- [    Test worker] o.s.t.web.servlet.TestDispatcherServlet  : Completed initialization in 1 ms
2022-03-26 22:54:42.379  INFO 44784 --- [    Test worker] c.b.springboot.web.HelloControllerTest   : Started HelloControllerTest in 5.078 seconds (JVM running for 55.295)
]]></system-out>
  <system-err><![CDATA[]]></system-err>
</testsuite>
